<?xml version="1.0" encoding="UTF-8"?>
<testng-results ignored="0" total="1" passed="1" failed="0" skipped="0">
  <reporter-output>
  </reporter-output>
  <suite started-at="2024-12-19T03:10:29 IST" name="Default suite" finished-at="2024-12-19T03:10:29 IST" duration-ms="133">
    <groups>
    </groups>
    <test started-at="2024-12-19T03:10:29 IST" name="Default test" finished-at="2024-12-19T03:10:29 IST" duration-ms="133">
      <class name="demo.Demo1">
        <test-method is-config="true" signature="doBeforeSuite()[pri:0, instance:demo.Demo1@19fb8826]" started-at="2024-12-19T03:10:24 IST" name="doBeforeSuite" finished-at="2024-12-19T03:10:29 IST" duration-ms="4427" status="PASS">
          <reporter-output>
          </reporter-output>
        </test-method> <!-- doBeforeSuite -->
        <test-method signature="test1()[pri:0, instance:demo.Demo1@19fb8826]" started-at="2024-12-19T03:10:29 IST" name="test1" finished-at="2024-12-19T03:10:29 IST" duration-ms="103" status="PASS">
          <reporter-output>
          </reporter-output>
        </test-method> <!-- test1 -->
        <test-method is-config="true" signature="tearDown()[pri:0, instance:demo.Demo1@19fb8826]" started-at="2024-12-19T03:10:29 IST" name="tearDown" finished-at="2024-12-19T03:10:30 IST" duration-ms="768" status="PASS">
          <reporter-output>
          </reporter-output>
        </test-method> <!-- tearDown -->
      </class> <!-- demo.Demo1 -->
    </test> <!-- Default test -->
  </suite> <!-- Default suite -->
</testng-results>
