<?xml version="1.0" encoding="UTF-8"?>
<testng-results ignored="0" total="1" passed="1" failed="0" skipped="0">
  <reporter-output>
  </reporter-output>
  <suite started-at="2024-12-19T19:30:02 IST" name="Login" finished-at="2024-12-19T19:30:03 IST" duration-ms="1391">
    <groups>
    </groups>
    <test started-at="2024-12-19T19:30:02 IST" name="Test" finished-at="2024-12-19T19:30:03 IST" duration-ms="1391">
      <class name="demo.Demo1">
        <test-method is-config="true" signature="doBeforeSuite()[pri:0, instance:demo.Demo1@7383eae2]" started-at="2024-12-19T19:29:43 IST" name="doBeforeSuite" finished-at="2024-12-19T19:30:02 IST" duration-ms="18657" status="PASS">
          <reporter-output>
          </reporter-output>
        </test-method> <!-- doBeforeSuite -->
        <test-method signature="test1()[pri:0, instance:demo.Demo1@7383eae2]" started-at="2024-12-19T19:30:03 IST" name="test1" finished-at="2024-12-19T19:30:03 IST" duration-ms="183" status="PASS">
          <reporter-output>
          </reporter-output>
        </test-method> <!-- test1 -->
        <test-method is-config="true" signature="tearDown()[pri:0, instance:demo.Demo1@7383eae2]" started-at="2024-12-19T19:30:04 IST" name="tearDown" finished-at="2024-12-19T19:30:06 IST" duration-ms="2385" status="PASS">
          <reporter-output>
          </reporter-output>
        </test-method> <!-- tearDown -->
      </class> <!-- demo.Demo1 -->
    </test> <!-- Test -->
  </suite> <!-- Login -->
  <suite started-at="2024-12-19T19:30:07 IST" name="MasterSuite" finished-at="2024-12-19T19:30:07 IST" duration-ms="0">
    <groups>
    </groups>
  </suite> <!-- MasterSuite -->
</testng-results>
